Jun 11, 2013 10:41:49 AM org.apache.catalina.core.AprLifecycleListener init
INFO: The APR based Apache Tomcat Native library which allows optimal performance in production environments was not found on the java.library.path: .:/Library/Java/Extensions:/System/Library/Java/Extensions:/usr/lib/java
Jun 11, 2013 10:41:49 AM org.apache.tomcat.util.digester.SetPropertiesRule begin
WARNING: [SetPropertiesRule]{Server/Service/Engine/Host/Context} Setting property 'source' to 'org.eclipse.jst.j2ee.server:webapp' did not find a matching property.
Jun 11, 2013 10:41:49 AM org.apache.tomcat.util.digester.SetPropertiesRule begin
WARNING: [SetPropertiesRule]{Server/Service/Engine/Host/Context} Setting property 'source' to 'org.eclipse.jst.j2ee.server:vlewrapper' did not find a matching property.
Jun 11, 2013 10:41:49 AM org.apache.coyote.AbstractProtocol init
INFO: Initializing ProtocolHandler ["http-bio-8080"]
Jun 11, 2013 10:41:49 AM org.apache.coyote.AbstractProtocol init
INFO: Initializing ProtocolHandler ["ajp-bio-8009"]
Jun 11, 2013 10:41:49 AM org.apache.catalina.startup.Catalina load
INFO: Initialization processed in 488 ms
Jun 11, 2013 10:41:49 AM org.apache.catalina.core.StandardService startInternal
INFO: Starting service Catalina
Jun 11, 2013 10:41:49 AM org.apache.catalina.core.StandardEngine startInternal
INFO: Starting Servlet Engine: Apache Tomcat/7.0.32
Jun 11, 2013 10:42:01 AM org.apache.catalina.startup.HostConfig deployDirectory
INFO: Deploying web application directory /Users/h/wise4demo/WISE4.7demo/tomcat/webapps/curriculum
Jun 11, 2013 10:42:01 AM org.apache.catalina.startup.HostConfig deployDirectory
INFO: Deploying web application directory /Users/h/wise4demo/WISE4.7demo/tomcat/webapps/host-manager
Jun 11, 2013 10:42:01 AM org.apache.catalina.startup.HostConfig deployDirectory
INFO: Deploying web application directory /Users/h/wise4demo/WISE4.7demo/tomcat/webapps/manager
Jun 11, 2013 10:42:01 AM org.apache.catalina.startup.HostConfig deployDirectory
INFO: Deploying web application directory /Users/h/wise4demo/WISE4.7demo/tomcat/webapps/ROOT
Jun 11, 2013 10:42:01 AM org.apache.catalina.startup.HostConfig deployDirectory
INFO: Deploying web application directory /Users/h/wise4demo/WISE4.7demo/tomcat/webapps/studentuploads
Jun 11, 2013 10:42:01 AM org.apache.coyote.AbstractProtocol start
INFO: Starting ProtocolHandler ["http-bio-8080"]
Jun 11, 2013 10:42:01 AM org.apache.coyote.AbstractProtocol start
INFO: Starting ProtocolHandler ["ajp-bio-8009"]
Jun 11, 2013 10:42:01 AM org.apache.catalina.startup.Catalina start
INFO: Server startup in 12433 ms
Jun 11, 2013 10:42:02 AM org.apache.jasper.compiler.TldLocationsCache tldScanJar
INFO: At least one JAR was scanned for TLDs yet contained no TLDs. Enable debug logging for this logger for a complete list of JARs that were scanned but no TLDs were found in them. Skipping unneeded JARs during scanning can improve startup time and JSP compilation time.
Jun 11, 2013 10:42:31 AM org.apache.catalina.loader.WebappClassLoader modified
SEVERE:     Resource '/WEB-INF/lib/antlr-2.7.6.jar' is missing
Jun 11, 2013 10:42:31 AM org.apache.catalina.core.StandardContext reload
INFO: Reloading Context with name [/vlewrapper] has started
Jun 11, 2013 10:42:31 AM org.apache.catalina.loader.WebappClassLoader clearReferencesThreads
SEVERE: The web application [/vlewrapper] appears to have started a thread named [MyScheduler_Worker-1] but has failed to stop it. This is very likely to create a memory leak.
Jun 11, 2013 10:42:31 AM org.apache.catalina.loader.WebappClassLoader clearReferencesThreads
SEVERE: The web application [/vlewrapper] appears to have started a thread named [MyScheduler_Worker-2] but has failed to stop it. This is very likely to create a memory leak.
Jun 11, 2013 10:42:31 AM org.apache.catalina.loader.WebappClassLoader clearReferencesThreads
SEVERE: The web application [/vlewrapper] appears to have started a thread named [MyScheduler_Worker-3] but has failed to stop it. This is very likely to create a memory leak.
Jun 11, 2013 10:42:31 AM org.apache.catalina.loader.WebappClassLoader clearReferencesThreads
SEVERE: The web application [/vlewrapper] appears to have started a thread named [MyScheduler_Worker-4] but has failed to stop it. This is very likely to create a memory leak.
Jun 11, 2013 10:42:31 AM org.apache.catalina.loader.WebappClassLoader clearReferencesThreads
SEVERE: The web application [/vlewrapper] appears to have started a thread named [MyScheduler_Worker-5] but has failed to stop it. This is very likely to create a memory leak.
Jun 11, 2013 10:42:31 AM org.apache.catalina.loader.WebappClassLoader clearReferencesThreads
SEVERE: The web application [/vlewrapper] appears to have started a thread named [MyScheduler_Worker-6] but has failed to stop it. This is very likely to create a memory leak.
Jun 11, 2013 10:42:31 AM org.apache.catalina.loader.WebappClassLoader clearReferencesThreads
SEVERE: The web application [/vlewrapper] appears to have started a thread named [MyScheduler_Worker-7] but has failed to stop it. This is very likely to create a memory leak.
Jun 11, 2013 10:42:31 AM org.apache.catalina.loader.WebappClassLoader clearReferencesThreads
SEVERE: The web application [/vlewrapper] appears to have started a thread named [MyScheduler_Worker-8] but has failed to stop it. This is very likely to create a memory leak.
Jun 11, 2013 10:42:31 AM org.apache.catalina.loader.WebappClassLoader clearReferencesThreads
SEVERE: The web application [/vlewrapper] appears to have started a thread named [MyScheduler_Worker-9] but has failed to stop it. This is very likely to create a memory leak.
Jun 11, 2013 10:42:31 AM org.apache.catalina.loader.WebappClassLoader clearReferencesThreads
SEVERE: The web application [/vlewrapper] appears to have started a thread named [MyScheduler_Worker-10] but has failed to stop it. This is very likely to create a memory leak.
Jun 11, 2013 10:42:32 AM org.apache.catalina.core.StandardContext resourcesStart
SEVERE: Error starting static Resources
java.lang.IllegalArgumentException: Document base /Users/h/wise4demo/WISE4.7demo/tomcat/webapps/vlewrapper does not exist or is not a readable directory
	at org.apache.naming.resources.FileDirContext.setDocBase(FileDirContext.java:138)
	at org.apache.catalina.core.StandardContext.resourcesStart(StandardContext.java:4906)
	at org.apache.catalina.core.StandardContext.startInternal(StandardContext.java:5086)
	at org.apache.catalina.util.LifecycleBase.start(LifecycleBase.java:150)
	at org.apache.catalina.core.StandardContext.reload(StandardContext.java:3920)
	at org.apache.catalina.loader.WebappLoader.backgroundProcess(WebappLoader.java:426)
	at org.apache.catalina.core.ContainerBase.backgroundProcess(ContainerBase.java:1345)
	at org.apache.catalina.core.ContainerBase$ContainerBackgroundProcessor.processChildren(ContainerBase.java:1530)
	at org.apache.catalina.core.ContainerBase$ContainerBackgroundProcessor.processChildren(ContainerBase.java:1540)
	at org.apache.catalina.core.ContainerBase$ContainerBackgroundProcessor.processChildren(ContainerBase.java:1540)
	at org.apache.catalina.core.ContainerBase$ContainerBackgroundProcessor.run(ContainerBase.java:1519)
	at java.lang.Thread.run(Thread.java:680)
Jun 11, 2013 10:42:32 AM org.apache.catalina.core.StandardContext startInternal
SEVERE: Error in resourceStart()
Jun 11, 2013 10:42:32 AM org.apache.catalina.core.StandardContext startInternal
SEVERE: Error getConfigured
Jun 11, 2013 10:42:32 AM org.apache.catalina.core.StandardContext startInternal
SEVERE: Context [/vlewrapper] startup failed due to previous errors
Jun 11, 2013 10:42:32 AM org.apache.catalina.util.LifecycleBase stop
INFO: The stop() method was called on component [WebappLoader[/vlewrapper]] after stop() had already been called. The second call will be ignored.
Jun 11, 2013 10:42:32 AM org.apache.catalina.core.StandardContext reload
INFO: Reloading Context with name [/vlewrapper] is completed
Jun 11, 2013 10:42:32 AM org.apache.catalina.loader.WebappClassLoader modified
SEVERE:     Resource '/WEB-INF/lib/activation-1.1.jar' is missing
Jun 11, 2013 10:42:32 AM org.apache.catalina.core.StandardContext reload
INFO: Reloading Context with name [/webapp] has started
Jun 11, 2013 10:42:32 AM org.apache.catalina.loader.WebappClassLoader clearReferencesJdbc
SEVERE: The web application [/webapp] registered the JDBC driver [org.hsqldb.jdbc.JDBCDriver] but failed to unregister it when the web application was stopped. To prevent a memory leak, the JDBC Driver has been forcibly unregistered.
Jun 11, 2013 10:42:33 AM org.apache.catalina.core.StandardContext resourcesStart
SEVERE: Error starting static Resources
java.lang.IllegalArgumentException: Document base /Users/h/wise4demo/WISE4.7demo/tomcat/webapps/webapp does not exist or is not a readable directory
	at org.apache.naming.resources.FileDirContext.setDocBase(FileDirContext.java:138)
	at org.apache.catalina.core.StandardContext.resourcesStart(StandardContext.java:4906)
	at org.apache.catalina.core.StandardContext.startInternal(StandardContext.java:5086)
	at org.apache.catalina.util.LifecycleBase.start(LifecycleBase.java:150)
	at org.apache.catalina.core.StandardContext.reload(StandardContext.java:3920)
	at org.apache.catalina.loader.WebappLoader.backgroundProcess(WebappLoader.java:426)
	at org.apache.catalina.core.ContainerBase.backgroundProcess(ContainerBase.java:1345)
	at org.apache.catalina.core.ContainerBase$ContainerBackgroundProcessor.processChildren(ContainerBase.java:1530)
	at org.apache.catalina.core.ContainerBase$ContainerBackgroundProcessor.processChildren(ContainerBase.java:1540)
	at org.apache.catalina.core.ContainerBase$ContainerBackgroundProcessor.processChildren(ContainerBase.java:1540)
	at org.apache.catalina.core.ContainerBase$ContainerBackgroundProcessor.run(ContainerBase.java:1519)
	at java.lang.Thread.run(Thread.java:680)
Jun 11, 2013 10:42:33 AM org.apache.catalina.core.StandardContext startInternal
SEVERE: Error in resourceStart()
Jun 11, 2013 10:42:33 AM org.apache.catalina.core.StandardContext startInternal
SEVERE: Error getConfigured
Jun 11, 2013 10:42:33 AM org.apache.catalina.core.StandardContext startInternal
SEVERE: Context [/webapp] startup failed due to previous errors
Jun 11, 2013 10:42:33 AM org.apache.catalina.util.LifecycleBase stop
INFO: The stop() method was called on component [WebappLoader[/webapp]] after stop() had already been called. The second call will be ignored.
Jun 11, 2013 10:42:33 AM org.apache.catalina.core.StandardContext reload
INFO: Reloading Context with name [/webapp] is completed
Jun 11, 2013 11:27:04 AM org.apache.catalina.core.StandardServer await
INFO: A valid shutdown command was received via the shutdown port. Stopping the Server instance.
Jun 11, 2013 11:27:04 AM org.apache.coyote.AbstractProtocol pause
INFO: Pausing ProtocolHandler ["http-bio-8080"]
Jun 11, 2013 11:27:04 AM org.apache.coyote.AbstractProtocol pause
INFO: Pausing ProtocolHandler ["ajp-bio-8009"]
Jun 11, 2013 11:27:04 AM org.apache.catalina.core.StandardService stopInternal
INFO: Stopping service Catalina
Jun 11, 2013 11:27:04 AM org.apache.coyote.AbstractProtocol stop
INFO: Stopping ProtocolHandler ["http-bio-8080"]
Jun 11, 2013 11:27:04 AM org.apache.coyote.AbstractProtocol stop
INFO: Stopping ProtocolHandler ["ajp-bio-8009"]
Jun 11, 2013 11:27:04 AM org.apache.coyote.AbstractProtocol destroy
INFO: Destroying ProtocolHandler ["http-bio-8080"]
Jun 11, 2013 11:27:04 AM org.apache.coyote.AbstractProtocol destroy
INFO: Destroying ProtocolHandler ["ajp-bio-8009"]
